{"level":"info","message":"Server timezone: Asia/Calcutta","service":"kine_milk_server","timestamp":"2025-06-13T09:26:12.334Z"}
{"level":"info","message":"Server timezone: Asia/Calcutta","service":"kine_milk_server","timestamp":"2025-06-13T09:26:12.434Z"}
{"level":"info","message":"Server timezone: Asia/Calcutta","service":"kine_milk_server","timestamp":"2025-06-13T09:26:12.997Z"}
{"level":"info","message":"Server timezone: Asia/Calcutta","service":"kine_milk_server","timestamp":"2025-06-13T09:26:13.381Z"}
{"level":"info","message":"Cron job running at 13/6/2025, 2:57:00 pm (UTC: 2025-06-13T03:57:00.096Z)","service":"kine_milk_server","timestamp":"2025-06-13T09:27:00.098Z"}
{"level":"info","message":"Coupon ID 6c7eb5e9-22a3-4aeb-8275-2aad2dee4c54 published at 13/6/2025, 2:57:00 pm. start_date preserved: 2025-06-12 02:10:00","service":"kine_milk_server","timestamp":"2025-06-13T09:27:00.351Z"}
{"level":"info","message":"Banner ID cffda399-2cf2-4703-bd29-b39b44571997 published at 13/6/2025, 2:57:00 pm. startTime preserved: 13/6/2025, 12:56:00 pm","service":"kine_milk_server","timestamp":"2025-06-13T09:27:00.374Z"}
{"level":"info","message":"Coupon ID 6c7eb5e9-22a3-4aeb-8275-2aad2dee4c54 unpublished at 13/6/2025, 2:57:00 pm. end_date preserved: 2025-06-12 02:12:00","service":"kine_milk_server","timestamp":"2025-06-13T09:27:00.448Z"}
{"level":"info","message":"Cron job running at 13/6/2025, 2:58:00 pm (UTC: 2025-06-13T03:58:00.770Z)","service":"kine_milk_server","timestamp":"2025-06-13T09:28:00.771Z"}
{"level":"info","message":"Coupon ID 6c7eb5e9-22a3-4aeb-8275-2aad2dee4c54 published at 13/6/2025, 2:58:00 pm. start_date preserved: 2025-06-12 02:10:00","service":"kine_milk_server","timestamp":"2025-06-13T09:28:01.120Z"}
{"level":"info","message":"Banner ID cffda399-2cf2-4703-bd29-b39b44571997 published at 13/6/2025, 2:58:00 pm. startTime preserved: 13/6/2025, 12:56:00 pm","service":"kine_milk_server","timestamp":"2025-06-13T09:28:01.135Z"}
{"level":"info","message":"Coupon ID 6c7eb5e9-22a3-4aeb-8275-2aad2dee4c54 unpublished at 13/6/2025, 2:58:00 pm. end_date preserved: 2025-06-12 02:12:00","service":"kine_milk_server","timestamp":"2025-06-13T09:28:01.208Z"}
{"level":"info","message":"Banner ID cffda399-2cf2-4703-bd29-b39b44571997 unpublished at 13/6/2025, 2:58:00 pm. endTime preserved: 13/6/2025, 12:58:00 pm","service":"kine_milk_server","timestamp":"2025-06-13T09:28:01.227Z"}
{"level":"info","message":"Cron job running at 13/6/2025, 2:59:00 pm (UTC: 2025-06-13T03:59:00.416Z)","service":"kine_milk_server","timestamp":"2025-06-13T09:29:00.418Z"}
{"level":"info","message":"Coupon ID 6c7eb5e9-22a3-4aeb-8275-2aad2dee4c54 published at 13/6/2025, 2:59:00 pm. start_date preserved: 2025-06-12 02:10:00","service":"kine_milk_server","timestamp":"2025-06-13T09:29:00.754Z"}
{"level":"info","message":"Banner ID cffda399-2cf2-4703-bd29-b39b44571997 published at 13/6/2025, 2:59:00 pm. startTime preserved: 13/6/2025, 12:56:00 pm","service":"kine_milk_server","timestamp":"2025-06-13T09:29:00.765Z"}
{"level":"info","message":"Coupon ID 6c7eb5e9-22a3-4aeb-8275-2aad2dee4c54 unpublished at 13/6/2025, 2:59:00 pm. end_date preserved: 2025-06-12 02:12:00","service":"kine_milk_server","timestamp":"2025-06-13T09:29:00.838Z"}
{"level":"info","message":"Banner ID cffda399-2cf2-4703-bd29-b39b44571997 unpublished at 13/6/2025, 2:59:00 pm. endTime preserved: 13/6/2025, 12:58:00 pm","service":"kine_milk_server","timestamp":"2025-06-13T09:29:00.854Z"}
{"level":"info","message":"Cron job running at 13/6/2025, 3:00:00 pm (UTC: 2025-06-13T04:00:00.090Z)","service":"kine_milk_server","timestamp":"2025-06-13T09:30:00.092Z"}
{"level":"info","message":"Coupon ID 6c7eb5e9-22a3-4aeb-8275-2aad2dee4c54 published at 13/6/2025, 3:00:00 pm. start_date preserved: 2025-06-12 02:10:00","service":"kine_milk_server","timestamp":"2025-06-13T09:30:00.505Z"}
{"level":"info","message":"Banner ID cffda399-2cf2-4703-bd29-b39b44571997 published at 13/6/2025, 3:00:00 pm. startTime preserved: 13/6/2025, 12:56:00 pm","service":"kine_milk_server","timestamp":"2025-06-13T09:30:00.512Z"}
{"level":"info","message":"Banner ID cffda399-2cf2-4703-bd29-b39b44571997 unpublished at 13/6/2025, 3:00:00 pm. endTime preserved: 13/6/2025, 12:58:00 pm","service":"kine_milk_server","timestamp":"2025-06-13T09:30:00.641Z"}
{"level":"info","message":"Coupon ID 6c7eb5e9-22a3-4aeb-8275-2aad2dee4c54 unpublished at 13/6/2025, 3:00:00 pm. end_date preserved: 2025-06-12 02:12:00","service":"kine_milk_server","timestamp":"2025-06-13T09:30:00.688Z"}
{"level":"info","message":"Cron job running at 13/6/2025, 3:01:00 pm (UTC: 2025-06-13T04:01:00.752Z)","service":"kine_milk_server","timestamp":"2025-06-13T09:31:00.754Z"}
{"level":"info","message":"Coupon ID 6c7eb5e9-22a3-4aeb-8275-2aad2dee4c54 published at 13/6/2025, 3:01:00 pm. start_date preserved: 2025-06-12 02:10:00","service":"kine_milk_server","timestamp":"2025-06-13T09:31:01.085Z"}
{"level":"info","message":"Banner ID cffda399-2cf2-4703-bd29-b39b44571997 published at 13/6/2025, 3:01:00 pm. startTime preserved: 13/6/2025, 12:56:00 pm","service":"kine_milk_server","timestamp":"2025-06-13T09:31:01.105Z"}
{"level":"info","message":"Coupon ID 6c7eb5e9-22a3-4aeb-8275-2aad2dee4c54 unpublished at 13/6/2025, 3:01:00 pm. end_date preserved: 2025-06-12 02:12:00","service":"kine_milk_server","timestamp":"2025-06-13T09:31:01.165Z"}
{"level":"info","message":"Banner ID cffda399-2cf2-4703-bd29-b39b44571997 unpublished at 13/6/2025, 3:01:00 pm. endTime preserved: 13/6/2025, 12:58:00 pm","service":"kine_milk_server","timestamp":"2025-06-13T09:31:01.189Z"}
{"level":"info","message":"Cron job running at 13/6/2025, 3:02:00 pm (UTC: 2025-06-13T04:02:00.360Z)","service":"kine_milk_server","timestamp":"2025-06-13T09:32:00.361Z"}
{"level":"info","message":"Coupon ID 6c7eb5e9-22a3-4aeb-8275-2aad2dee4c54 published at 13/6/2025, 3:02:00 pm. start_date preserved: 2025-06-12 02:10:00","service":"kine_milk_server","timestamp":"2025-06-13T09:32:00.665Z"}
{"level":"info","message":"Banner ID cffda399-2cf2-4703-bd29-b39b44571997 published at 13/6/2025, 3:02:00 pm. startTime preserved: 13/6/2025, 12:56:00 pm","service":"kine_milk_server","timestamp":"2025-06-13T09:32:00.681Z"}
{"level":"info","message":"Coupon ID 6c7eb5e9-22a3-4aeb-8275-2aad2dee4c54 unpublished at 13/6/2025, 3:02:00 pm. end_date preserved: 2025-06-12 02:12:00","service":"kine_milk_server","timestamp":"2025-06-13T09:32:00.761Z"}
{"level":"info","message":"Banner ID cffda399-2cf2-4703-bd29-b39b44571997 unpublished at 13/6/2025, 3:02:00 pm. endTime preserved: 13/6/2025, 12:58:00 pm","service":"kine_milk_server","timestamp":"2025-06-13T09:32:00.777Z"}
{"level":"info","message":"Coupon ID 6c7eb5e9-22a3-4aeb-8275-2aad2dee4c54 published at 13/6/2025, 3:03:00 pm. start_date preserved: 2025-06-12 02:10:00","service":"kine_milk_server","timestamp":"2025-06-13T09:33:00.322Z"}
{"level":"info","message":"Banner ID cffda399-2cf2-4703-bd29-b39b44571997 published at 13/6/2025, 3:03:00 pm. startTime preserved: 13/6/2025, 12:56:00 pm","service":"kine_milk_server","timestamp":"2025-06-13T09:33:00.331Z"}
{"level":"info","message":"Coupon ID 6c7eb5e9-22a3-4aeb-8275-2aad2dee4c54 unpublished at 13/6/2025, 3:03:00 pm. end_date preserved: 2025-06-12 02:12:00","service":"kine_milk_server","timestamp":"2025-06-13T09:33:00.421Z"}
{"level":"info","message":"Banner ID cffda399-2cf2-4703-bd29-b39b44571997 unpublished at 13/6/2025, 3:03:00 pm. endTime preserved: 13/6/2025, 12:58:00 pm","service":"kine_milk_server","timestamp":"2025-06-13T09:33:00.438Z"}
{"level":"info","message":"Cron job running at 13/6/2025, 3:03:00 pm (UTC: 2025-06-13T04:03:00.940Z)","service":"kine_milk_server","timestamp":"2025-06-13T09:33:00.941Z"}
{"level":"info","message":"Cron job running at 13/6/2025, 3:04:00 pm (UTC: 2025-06-13T04:04:00.491Z)","service":"kine_milk_server","timestamp":"2025-06-13T09:34:00.491Z"}
{"level":"info","message":"Coupon ID 6c7eb5e9-22a3-4aeb-8275-2aad2dee4c54 published at 13/6/2025, 3:04:00 pm. start_date preserved: 2025-06-12 02:10:00","service":"kine_milk_server","timestamp":"2025-06-13T09:34:00.821Z"}
{"level":"info","message":"Banner ID cffda399-2cf2-4703-bd29-b39b44571997 published at 13/6/2025, 3:04:00 pm. startTime preserved: 13/6/2025, 12:56:00 pm","service":"kine_milk_server","timestamp":"2025-06-13T09:34:00.855Z"}
{"level":"info","message":"Coupon ID 6c7eb5e9-22a3-4aeb-8275-2aad2dee4c54 unpublished at 13/6/2025, 3:04:00 pm. end_date preserved: 2025-06-12 02:12:00","service":"kine_milk_server","timestamp":"2025-06-13T09:34:00.924Z"}
{"level":"info","message":"Banner ID cffda399-2cf2-4703-bd29-b39b44571997 unpublished at 13/6/2025, 3:04:00 pm. endTime preserved: 13/6/2025, 12:58:00 pm","service":"kine_milk_server","timestamp":"2025-06-13T09:34:00.929Z"}
{"level":"info","message":"Cron job running at 13/6/2025, 3:05:00 pm (UTC: 2025-06-13T04:05:00.048Z)","service":"kine_milk_server","timestamp":"2025-06-13T09:35:00.048Z"}
{"level":"info","message":"Banner ID cffda399-2cf2-4703-bd29-b39b44571997 published at 13/6/2025, 3:05:00 pm. startTime preserved: 13/6/2025, 12:56:00 pm","service":"kine_milk_server","timestamp":"2025-06-13T09:35:00.420Z"}
{"level":"info","message":"Coupon ID 6c7eb5e9-22a3-4aeb-8275-2aad2dee4c54 unpublished at 13/6/2025, 3:05:00 pm. end_date preserved: 2025-06-12 02:12:00","service":"kine_milk_server","timestamp":"2025-06-13T09:35:00.453Z"}
{"level":"info","message":"Banner ID cffda399-2cf2-4703-bd29-b39b44571997 unpublished at 13/6/2025, 3:05:00 pm. endTime preserved: 13/6/2025, 12:58:00 pm","service":"kine_milk_server","timestamp":"2025-06-13T09:35:00.504Z"}
{"level":"info","message":"Cron job running at 13/6/2025, 3:06:00 pm (UTC: 2025-06-13T04:06:00.670Z)","service":"kine_milk_server","timestamp":"2025-06-13T09:36:00.671Z"}
{"level":"info","message":"Coupon ID 6c7eb5e9-22a3-4aeb-8275-2aad2dee4c54 published at 13/6/2025, 3:06:00 pm. start_date preserved: 2025-06-12 02:10:00","service":"kine_milk_server","timestamp":"2025-06-13T09:36:01.000Z"}
{"level":"info","message":"Banner ID cffda399-2cf2-4703-bd29-b39b44571997 published at 13/6/2025, 3:06:00 pm. startTime preserved: 13/6/2025, 12:56:00 pm","service":"kine_milk_server","timestamp":"2025-06-13T09:36:01.009Z"}
{"level":"info","message":"Coupon ID 6c7eb5e9-22a3-4aeb-8275-2aad2dee4c54 unpublished at 13/6/2025, 3:06:00 pm. end_date preserved: 2025-06-12 02:12:00","service":"kine_milk_server","timestamp":"2025-06-13T09:36:01.077Z"}
{"level":"info","message":"Banner ID cffda399-2cf2-4703-bd29-b39b44571997 unpublished at 13/6/2025, 3:06:00 pm. endTime preserved: 13/6/2025, 12:58:00 pm","service":"kine_milk_server","timestamp":"2025-06-13T09:36:01.085Z"}
{"level":"info","message":"Cron job running at 13/6/2025, 3:07:00 pm (UTC: 2025-06-13T04:07:00.358Z)","service":"kine_milk_server","timestamp":"2025-06-13T09:37:00.360Z"}
{"level":"info","message":"Banner ID cffda399-2cf2-4703-bd29-b39b44571997 published at 13/6/2025, 3:07:00 pm. startTime preserved: 13/6/2025, 12:56:00 pm","service":"kine_milk_server","timestamp":"2025-06-13T09:37:00.777Z"}
{"level":"info","message":"Coupon ID 6c7eb5e9-22a3-4aeb-8275-2aad2dee4c54 published at 13/6/2025, 3:07:00 pm. start_date preserved: 2025-06-12 02:10:00","service":"kine_milk_server","timestamp":"2025-06-13T09:37:00.782Z"}
{"level":"info","message":"Banner ID cffda399-2cf2-4703-bd29-b39b44571997 unpublished at 13/6/2025, 3:07:00 pm. endTime preserved: 13/6/2025, 12:58:00 pm","service":"kine_milk_server","timestamp":"2025-06-13T09:37:00.854Z"}
{"level":"info","message":"Coupon ID 6c7eb5e9-22a3-4aeb-8275-2aad2dee4c54 unpublished at 13/6/2025, 3:07:00 pm. end_date preserved: 2025-06-12 02:12:00","service":"kine_milk_server","timestamp":"2025-06-13T09:37:00.858Z"}
{"level":"info","message":"Cron job running at 13/6/2025, 3:09:00 pm (UTC: 2025-06-13T04:09:00.667Z)","service":"kine_milk_server","timestamp":"2025-06-13T09:39:00.667Z"}
{"level":"info","message":"Banner ID cffda399-2cf2-4703-bd29-b39b44571997 published at 13/6/2025, 3:09:00 pm. startTime preserved: 13/6/2025, 12:56:00 pm","service":"kine_milk_server","timestamp":"2025-06-13T09:39:00.967Z"}
{"level":"info","message":"Coupon ID 6c7eb5e9-22a3-4aeb-8275-2aad2dee4c54 published at 13/6/2025, 3:09:00 pm. start_date preserved: 2025-06-12 02:10:00","service":"kine_milk_server","timestamp":"2025-06-13T09:39:00.971Z"}
{"level":"info","message":"Banner ID cffda399-2cf2-4703-bd29-b39b44571997 unpublished at 13/6/2025, 3:09:00 pm. endTime preserved: 13/6/2025, 12:58:00 pm","service":"kine_milk_server","timestamp":"2025-06-13T09:39:01.041Z"}
{"level":"info","message":"Coupon ID 6c7eb5e9-22a3-4aeb-8275-2aad2dee4c54 unpublished at 13/6/2025, 3:09:00 pm. end_date preserved: 2025-06-12 02:12:00","service":"kine_milk_server","timestamp":"2025-06-13T09:39:01.044Z"}
{"level":"info","message":"Cron job running at 13/6/2025, 3:10:00 pm (UTC: 2025-06-13T04:10:00.301Z)","service":"kine_milk_server","timestamp":"2025-06-13T09:40:00.303Z"}
{"level":"info","message":"Coupon ID 6c7eb5e9-22a3-4aeb-8275-2aad2dee4c54 published at 13/6/2025, 3:10:00 pm. start_date preserved: 2025-06-12 02:10:00","service":"kine_milk_server","timestamp":"2025-06-13T09:40:00.658Z"}
{"level":"info","message":"Banner ID cffda399-2cf2-4703-bd29-b39b44571997 published at 13/6/2025, 3:10:00 pm. startTime preserved: 13/6/2025, 12:56:00 pm","service":"kine_milk_server","timestamp":"2025-06-13T09:40:00.675Z"}
{"level":"info","message":"Coupon ID 6c7eb5e9-22a3-4aeb-8275-2aad2dee4c54 unpublished at 13/6/2025, 3:10:00 pm. end_date preserved: 2025-06-12 02:12:00","service":"kine_milk_server","timestamp":"2025-06-13T09:40:00.737Z"}
{"level":"info","message":"Banner ID cffda399-2cf2-4703-bd29-b39b44571997 published at 13/6/2025, 3:11:00 pm. startTime preserved: 13/6/2025, 12:56:00 pm","service":"kine_milk_server","timestamp":"2025-06-13T09:41:00.305Z"}
{"level":"info","message":"Banner ID cffda399-2cf2-4703-bd29-b39b44571997 unpublished at 13/6/2025, 3:11:00 pm. endTime preserved: 13/6/2025, 12:58:00 pm","service":"kine_milk_server","timestamp":"2025-06-13T09:41:00.417Z"}
{"level":"info","message":"Cron job running at 13/6/2025, 3:11:00 pm (UTC: 2025-06-13T04:11:00.909Z)","service":"kine_milk_server","timestamp":"2025-06-13T09:41:00.910Z"}
{"level":"info","message":"Coupon ID 6c7eb5e9-22a3-4aeb-8275-2aad2dee4c54 published at 13/6/2025, 3:11:00 pm. start_date preserved: 2025-06-12 02:10:00","service":"kine_milk_server","timestamp":"2025-06-13T09:41:01.153Z"}
{"level":"info","message":"Coupon ID 6c7eb5e9-22a3-4aeb-8275-2aad2dee4c54 unpublished at 13/6/2025, 3:11:00 pm. end_date preserved: 2025-06-12 02:12:00","service":"kine_milk_server","timestamp":"2025-06-13T09:41:01.227Z"}
{"level":"info","message":"Cron job running at 13/6/2025, 3:12:00 pm (UTC: 2025-06-13T04:12:00.455Z)","service":"kine_milk_server","timestamp":"2025-06-13T09:42:00.456Z"}
{"level":"info","message":"Server timezone: Asia/Calcutta","service":"kine_milk_server","timestamp":"2025-06-13T09:42:41.446Z"}
{"level":"info","message":"Server timezone: Asia/Calcutta","service":"kine_milk_server","timestamp":"2025-06-13T09:42:41.459Z"}
{"level":"info","message":"Server timezone: Asia/Calcutta","service":"kine_milk_server","timestamp":"2025-06-13T09:42:41.484Z"}
{"level":"info","message":"Server timezone: Asia/Calcutta","service":"kine_milk_server","timestamp":"2025-06-13T09:42:41.532Z"}
{"level":"info","message":"Cron job running at 13/6/2025, 3:13:00 pm (UTC: 2025-06-13T04:13:00.779Z)","service":"kine_milk_server","timestamp":"2025-06-13T09:43:00.780Z"}
{"level":"info","message":"Coupon ID 6c7eb5e9-22a3-4aeb-8275-2aad2dee4c54 published at 13/6/2025, 3:13:00 pm. start_date preserved: 2025-06-12 02:10:00","service":"kine_milk_server","timestamp":"2025-06-13T09:43:00.994Z"}
{"level":"info","message":"Banner ID cffda399-2cf2-4703-bd29-b39b44571997 published at 13/6/2025, 3:13:00 pm. startTime preserved: 13/6/2025, 12:56:00 pm","service":"kine_milk_server","timestamp":"2025-06-13T09:43:01.010Z"}
{"level":"info","message":"Coupon ID 6c7eb5e9-22a3-4aeb-8275-2aad2dee4c54 unpublished at 13/6/2025, 3:13:00 pm. end_date preserved: 2025-06-12 02:12:00","service":"kine_milk_server","timestamp":"2025-06-13T09:43:01.073Z"}
{"level":"info","message":"Banner ID cffda399-2cf2-4703-bd29-b39b44571997 unpublished at 13/6/2025, 3:13:00 pm. endTime preserved: 13/6/2025, 12:58:00 pm","service":"kine_milk_server","timestamp":"2025-06-13T09:43:01.089Z"}
{"level":"info","message":"Cron job running at 13/6/2025, 3:14:00 pm (UTC: 2025-06-13T04:14:00.332Z)","service":"kine_milk_server","timestamp":"2025-06-13T09:44:00.333Z"}
{"level":"info","message":"Coupon ID 6c7eb5e9-22a3-4aeb-8275-2aad2dee4c54 published at 13/6/2025, 3:14:00 pm. start_date preserved: 2025-06-12 02:10:00","service":"kine_milk_server","timestamp":"2025-06-13T09:44:00.661Z"}
{"level":"info","message":"Banner ID cffda399-2cf2-4703-bd29-b39b44571997 published at 13/6/2025, 3:14:00 pm. startTime preserved: 13/6/2025, 12:56:00 pm","service":"kine_milk_server","timestamp":"2025-06-13T09:44:00.674Z"}
{"level":"info","message":"Cron job running at 13/6/2025, 3:15:00 pm (UTC: 2025-06-13T04:15:00.916Z)","service":"kine_milk_server","timestamp":"2025-06-13T09:45:00.917Z"}
{"level":"info","message":"Coupon ID 6c7eb5e9-22a3-4aeb-8275-2aad2dee4c54 published at 13/6/2025, 3:15:00 pm. start_date preserved: 2025-06-12 02:10:00","service":"kine_milk_server","timestamp":"2025-06-13T09:45:01.251Z"}
{"level":"info","message":"Coupon ID 6c7eb5e9-22a3-4aeb-8275-2aad2dee4c54 unpublished at 13/6/2025, 3:15:00 pm. end_date preserved: 2025-06-12 02:12:00","service":"kine_milk_server","timestamp":"2025-06-13T09:45:01.335Z"}
{"level":"info","message":"Cron job running at 13/6/2025, 3:16:00 pm (UTC: 2025-06-13T04:16:00.519Z)","service":"kine_milk_server","timestamp":"2025-06-13T09:46:00.520Z"}
{"level":"info","message":"Coupon ID 6c7eb5e9-22a3-4aeb-8275-2aad2dee4c54 published at 13/6/2025, 3:16:00 pm. start_date preserved: 2025-06-12 02:10:00","service":"kine_milk_server","timestamp":"2025-06-13T09:46:00.883Z"}
{"level":"info","message":"Banner ID cffda399-2cf2-4703-bd29-b39b44571997 unpublished at 13/6/2025, 3:16:00 pm. endTime preserved: 13/6/2025, 12:58:00 pm","service":"kine_milk_server","timestamp":"2025-06-13T09:46:00.925Z"}
{"level":"info","message":"Coupon ID 6c7eb5e9-22a3-4aeb-8275-2aad2dee4c54 unpublished at 13/6/2025, 3:16:00 pm. end_date preserved: 2025-06-12 02:12:00","service":"kine_milk_server","timestamp":"2025-06-13T09:46:00.959Z"}
{"level":"info","message":"Cron job running at 13/6/2025, 3:17:00 pm (UTC: 2025-06-13T04:17:00.159Z)","service":"kine_milk_server","timestamp":"2025-06-13T09:47:00.160Z"}
{"level":"info","message":"Coupon ID 6c7eb5e9-22a3-4aeb-8275-2aad2dee4c54 published at 13/6/2025, 3:17:00 pm. start_date preserved: 2025-06-12 02:10:00","service":"kine_milk_server","timestamp":"2025-06-13T09:47:00.563Z"}
{"level":"info","message":"Banner ID 1796e211-3d2c-4e88-9012-dbeab18e1793 published at 13/6/2025, 3:17:00 pm. startTime preserved: 13/6/2025, 3:10:00 pm","service":"kine_milk_server","timestamp":"2025-06-13T09:47:00.572Z"}
{"level":"info","message":"Banner ID cffda399-2cf2-4703-bd29-b39b44571997 published at 13/6/2025, 3:17:00 pm. startTime preserved: 13/6/2025, 12:56:00 pm","service":"kine_milk_server","timestamp":"2025-06-13T09:47:00.624Z"}
{"level":"info","message":"Coupon ID 6c7eb5e9-22a3-4aeb-8275-2aad2dee4c54 unpublished at 13/6/2025, 3:17:00 pm. end_date preserved: 2025-06-12 02:12:00","service":"kine_milk_server","timestamp":"2025-06-13T09:47:00.646Z"}
{"level":"info","message":"Banner ID 1796e211-3d2c-4e88-9012-dbeab18e1793 unpublished at 13/6/2025, 3:17:00 pm. endTime preserved: 13/6/2025, 3:16:00 pm","service":"kine_milk_server","timestamp":"2025-06-13T09:47:00.701Z"}
{"level":"info","message":"Banner ID cffda399-2cf2-4703-bd29-b39b44571997 unpublished at 13/6/2025, 3:17:00 pm. endTime preserved: 13/6/2025, 12:58:00 pm","service":"kine_milk_server","timestamp":"2025-06-13T09:47:00.741Z"}
{"level":"info","message":"Cron job running at 13/6/2025, 3:18:00 pm (UTC: 2025-06-13T04:18:00.784Z)","service":"kine_milk_server","timestamp":"2025-06-13T09:48:00.787Z"}
{"level":"info","message":"Coupon ID 6c7eb5e9-22a3-4aeb-8275-2aad2dee4c54 published at 13/6/2025, 3:18:00 pm. start_date preserved: 2025-06-12 02:10:00","service":"kine_milk_server","timestamp":"2025-06-13T09:48:01.111Z"}
{"level":"info","message":"Banner ID 1796e211-3d2c-4e88-9012-dbeab18e1793 published at 13/6/2025, 3:18:00 pm. startTime preserved: 13/6/2025, 3:10:00 pm","service":"kine_milk_server","timestamp":"2025-06-13T09:48:01.118Z"}
{"level":"info","message":"Banner ID cffda399-2cf2-4703-bd29-b39b44571997 published at 13/6/2025, 3:18:00 pm. startTime preserved: 13/6/2025, 12:56:00 pm","service":"kine_milk_server","timestamp":"2025-06-13T09:48:01.161Z"}
{"level":"info","message":"Coupon ID 6c7eb5e9-22a3-4aeb-8275-2aad2dee4c54 unpublished at 13/6/2025, 3:18:00 pm. end_date preserved: 2025-06-12 02:12:00","service":"kine_milk_server","timestamp":"2025-06-13T09:48:01.191Z"}
{"level":"info","message":"Banner ID 1796e211-3d2c-4e88-9012-dbeab18e1793 unpublished at 13/6/2025, 3:18:00 pm. endTime preserved: 13/6/2025, 3:16:00 pm","service":"kine_milk_server","timestamp":"2025-06-13T09:48:01.236Z"}
{"level":"info","message":"Banner ID cffda399-2cf2-4703-bd29-b39b44571997 unpublished at 13/6/2025, 3:18:00 pm. endTime preserved: 13/6/2025, 12:58:00 pm","service":"kine_milk_server","timestamp":"2025-06-13T09:48:01.277Z"}
{"level":"info","message":"Cron job running at 13/6/2025, 3:19:00 pm (UTC: 2025-06-13T04:19:00.396Z)","service":"kine_milk_server","timestamp":"2025-06-13T09:49:00.398Z"}
{"level":"info","message":"Coupon ID 6c7eb5e9-22a3-4aeb-8275-2aad2dee4c54 published at 13/6/2025, 3:19:00 pm. start_date preserved: 2025-06-12 02:10:00","service":"kine_milk_server","timestamp":"2025-06-13T09:49:00.736Z"}
{"level":"info","message":"Banner ID 1796e211-3d2c-4e88-9012-dbeab18e1793 published at 13/6/2025, 3:19:00 pm. startTime preserved: 13/6/2025, 3:10:00 pm","service":"kine_milk_server","timestamp":"2025-06-13T09:49:00.751Z"}
{"level":"info","message":"Banner ID cffda399-2cf2-4703-bd29-b39b44571997 published at 13/6/2025, 3:19:00 pm. startTime preserved: 13/6/2025, 12:56:00 pm","service":"kine_milk_server","timestamp":"2025-06-13T09:49:00.804Z"}
{"level":"info","message":"Coupon ID 6c7eb5e9-22a3-4aeb-8275-2aad2dee4c54 unpublished at 13/6/2025, 3:19:00 pm. end_date preserved: 2025-06-12 02:12:00","service":"kine_milk_server","timestamp":"2025-06-13T09:49:00.840Z"}
{"level":"info","message":"Banner ID 1796e211-3d2c-4e88-9012-dbeab18e1793 unpublished at 13/6/2025, 3:19:00 pm. endTime preserved: 13/6/2025, 3:16:00 pm","service":"kine_milk_server","timestamp":"2025-06-13T09:49:00.889Z"}
{"level":"info","message":"Banner ID cffda399-2cf2-4703-bd29-b39b44571997 unpublished at 13/6/2025, 3:19:00 pm. endTime preserved: 13/6/2025, 12:58:00 pm","service":"kine_milk_server","timestamp":"2025-06-13T09:49:00.930Z"}
{"level":"info","message":"Banner ID cffda399-2cf2-4703-bd29-b39b44571997 unpublished at 13/6/2025, 3:20:00 pm. endTime preserved: 13/6/2025, 12:58:00 pm","service":"kine_milk_server","timestamp":"2025-06-13T09:50:00.410Z"}
{"level":"info","message":"Cron job running at 13/6/2025, 3:20:00 pm (UTC: 2025-06-13T04:20:00.998Z)","service":"kine_milk_server","timestamp":"2025-06-13T09:50:01.000Z"}
{"level":"info","message":"Cron job running at 13/6/2025, 3:21:00 pm (UTC: 2025-06-13T04:21:00.565Z)","service":"kine_milk_server","timestamp":"2025-06-13T09:51:00.567Z"}
{"level":"info","message":"Coupon ID 6c7eb5e9-22a3-4aeb-8275-2aad2dee4c54 published at 13/6/2025, 3:21:00 pm. start_date preserved: 2025-06-12 02:10:00","service":"kine_milk_server","timestamp":"2025-06-13T09:51:01.026Z"}
{"level":"info","message":"Banner ID 1796e211-3d2c-4e88-9012-dbeab18e1793 published at 13/6/2025, 3:21:00 pm. startTime preserved: 13/6/2025, 3:10:00 pm","service":"kine_milk_server","timestamp":"2025-06-13T09:51:01.044Z"}
{"level":"info","message":"Banner ID cffda399-2cf2-4703-bd29-b39b44571997 published at 13/6/2025, 3:21:00 pm. startTime preserved: 13/6/2025, 12:56:00 pm","service":"kine_milk_server","timestamp":"2025-06-13T09:51:01.104Z"}
{"level":"info","message":"Coupon ID 6c7eb5e9-22a3-4aeb-8275-2aad2dee4c54 unpublished at 13/6/2025, 3:21:00 pm. end_date preserved: 2025-06-12 02:12:00","service":"kine_milk_server","timestamp":"2025-06-13T09:51:01.122Z"}
{"level":"info","message":"Banner ID 1796e211-3d2c-4e88-9012-dbeab18e1793 unpublished at 13/6/2025, 3:21:00 pm. endTime preserved: 13/6/2025, 3:16:00 pm","service":"kine_milk_server","timestamp":"2025-06-13T09:51:01.185Z"}
{"level":"info","message":"Banner ID cffda399-2cf2-4703-bd29-b39b44571997 unpublished at 13/6/2025, 3:21:00 pm. endTime preserved: 13/6/2025, 12:58:00 pm","service":"kine_milk_server","timestamp":"2025-06-13T09:51:01.234Z"}
