{"level":"error","message":"Error in illustration scheduling job: Too many connections","service":"kine_milk_server","timestamp":"2025-06-02T09:26:00.929Z"}
{"level":"error","message":"Error in ad scheduling job: Too many connections","service":"kine_milk_server","timestamp":"2025-06-02T09:26:00.959Z"}
{"level":"error","message":"Error in coupon scheduling job: Too many connections","service":"kine_milk_server","timestamp":"2025-06-02T09:26:00.972Z"}
{"level":"error","message":"Error in banner scheduling job: Too many connections","service":"kine_milk_server","timestamp":"2025-06-02T09:26:00.979Z"}
{"level":"error","message":"Error in illustration scheduling job: Too many connections","service":"kine_milk_server","timestamp":"2025-06-02T09:28:00.128Z"}
{"level":"error","message":"Error in ad scheduling job: Too many connections","service":"kine_milk_server","timestamp":"2025-06-02T09:28:00.134Z"}
{"level":"error","message":"Error in coupon scheduling job: Too many connections","service":"kine_milk_server","timestamp":"2025-06-02T09:28:00.149Z"}
{"level":"error","message":"Error in illustration scheduling job: Too many connections","service":"kine_milk_server","timestamp":"2025-06-02T09:30:01.111Z"}
{"level":"error","message":"Error in ad scheduling job: Too many connections","service":"kine_milk_server","timestamp":"2025-06-02T09:30:01.120Z"}
{"level":"error","message":"Error in coupon scheduling job: Too many connections","service":"kine_milk_server","timestamp":"2025-06-02T09:30:01.128Z"}
{"level":"error","message":"Error in illustration scheduling job: Too many connections","service":"kine_milk_server","timestamp":"2025-06-02T09:49:00.908Z"}
{"level":"error","message":"Error in ad scheduling job: Too many connections","service":"kine_milk_server","timestamp":"2025-06-02T09:49:00.911Z"}
{"level":"error","message":"Error in coupon scheduling job: Too many connections","service":"kine_milk_server","timestamp":"2025-06-02T09:49:00.914Z"}
{"level":"error","message":"Error in banner scheduling job: Too many connections","service":"kine_milk_server","timestamp":"2025-06-02T09:49:00.917Z"}
{"level":"error","message":"Error in illustration scheduling job: Too many connections","service":"kine_milk_server","timestamp":"2025-06-02T09:51:00.638Z"}
{"level":"error","message":"Error in ad scheduling job: Too many connections","service":"kine_milk_server","timestamp":"2025-06-02T09:51:00.654Z"}
{"level":"error","message":"Error in coupon scheduling job: Too many connections","service":"kine_milk_server","timestamp":"2025-06-02T09:51:00.662Z"}
{"level":"error","message":"Error in banner scheduling job: Too many connections","service":"kine_milk_server","timestamp":"2025-06-02T09:52:01.257Z"}
{"level":"error","message":"Error in coupon scheduling job: Too many connections","service":"kine_milk_server","timestamp":"2025-06-02T09:52:01.518Z"}
{"level":"error","message":"Error in illustration scheduling job: Too many connections","service":"kine_milk_server","timestamp":"2025-06-02T11:45:00.824Z"}
{"level":"error","message":"Error in ad scheduling job: Too many connections","service":"kine_milk_server","timestamp":"2025-06-02T11:45:00.827Z"}
{"level":"error","message":"Error in coupon scheduling job: Too many connections","service":"kine_milk_server","timestamp":"2025-06-02T11:45:00.830Z"}
{"level":"error","message":"Error in banner scheduling job: Too many connections","service":"kine_milk_server","timestamp":"2025-06-02T11:45:00.834Z"}
{"level":"error","message":"Error in illustration scheduling job: getaddrinfo ENOTFOUND kinemilk-db.cf6kk2eaeait.ap-south-1.rds.amazonaws.com","service":"kine_milk_server","timestamp":"2025-06-02T13:16:00.456Z"}
{"level":"error","message":"Error in ad scheduling job: getaddrinfo ENOTFOUND kinemilk-db.cf6kk2eaeait.ap-south-1.rds.amazonaws.com","service":"kine_milk_server","timestamp":"2025-06-02T13:16:00.528Z"}
{"level":"error","message":"Error in coupon scheduling job: getaddrinfo ENOTFOUND kinemilk-db.cf6kk2eaeait.ap-south-1.rds.amazonaws.com","service":"kine_milk_server","timestamp":"2025-06-02T13:16:00.535Z"}
{"level":"error","message":"Error in banner scheduling job: getaddrinfo ENOTFOUND kinemilk-db.cf6kk2eaeait.ap-south-1.rds.amazonaws.com","service":"kine_milk_server","timestamp":"2025-06-02T13:16:00.553Z"}
{"level":"error","message":"Error in illustration scheduling job: getaddrinfo ENOTFOUND kinemilk-db.cf6kk2eaeait.ap-south-1.rds.amazonaws.com","service":"kine_milk_server","timestamp":"2025-06-03T04:14:00.448Z"}
{"level":"error","message":"Error in ad scheduling job: getaddrinfo ENOTFOUND kinemilk-db.cf6kk2eaeait.ap-south-1.rds.amazonaws.com","service":"kine_milk_server","timestamp":"2025-06-03T04:14:00.451Z"}
{"level":"error","message":"Error in coupon scheduling job: getaddrinfo ENOTFOUND kinemilk-db.cf6kk2eaeait.ap-south-1.rds.amazonaws.com","service":"kine_milk_server","timestamp":"2025-06-03T04:14:00.452Z"}
{"level":"error","message":"Error in banner scheduling job: getaddrinfo ENOTFOUND kinemilk-db.cf6kk2eaeait.ap-south-1.rds.amazonaws.com","service":"kine_milk_server","timestamp":"2025-06-03T04:14:00.456Z"}
{"level":"error","message":"Error in illustration scheduling job: Too many connections","service":"kine_milk_server","timestamp":"2025-06-03T07:40:00.957Z"}
{"level":"error","message":"Error in ad scheduling job: Too many connections","service":"kine_milk_server","timestamp":"2025-06-03T07:40:00.968Z"}
{"level":"error","message":"Error in coupon scheduling job: Too many connections","service":"kine_milk_server","timestamp":"2025-06-03T07:40:00.977Z"}
{"level":"error","message":"Error in banner scheduling job: Too many connections","service":"kine_milk_server","timestamp":"2025-06-03T07:40:00.988Z"}
